<?xml version="1.0" encoding="UTF-8"?>
<robot generator="Robot 5.0.1 (Python 3.8.3 on darwin)" generated="20220705 23:33:24.537" rpa="false" schemaversion="3">
<suite id="s1" name="Cyclone" source="/Users/huxiao/Documents/code/vscode/github/Cyclone">
<suite id="s1-s1" name="Tests" source="/Users/huxiao/Documents/code/vscode/github/Cyclone/tests">
<suite id="s1-s1-s1" name="Hello" source="/Users/huxiao/Documents/code/vscode/github/Cyclone/tests/hello.robot">
<test id="s1-s1-s1-t1" name="My Test" line="10">
<kw name="Locate Image Area On Image" library="Image">
<arg>needleImage=data/essential/needleImage.png</arg>
<arg>haystackImage=data/essential/haystackImage.png</arg>
<doc>Search needleImage's location in haystackImage</doc>
<kw name="Locate Image Area On Image" library="Image">
<arg>${needleImage}</arg>
<arg>${haystackImage}</arg>
<doc>Search needleImage's location in haystackImage</doc>
<kw name="Locate Image Area On Image" library="Image">
<arg>${needleImage}</arg>
<arg>${haystackImage}</arg>
<doc>Search needleImage's location in haystackImage</doc>
<kw name="Locate Image Area On Image" library="Image">
<arg>${needleImage}</arg>
<arg>${haystackImage}</arg>
<doc>Search needleImage's location in haystackImage</doc>
<kw name="Locate Image Area On Image" library="Image">
<arg>${needleImage}</arg>
<arg>${haystackImage}</arg>
<doc>Search needleImage's location in haystackImage</doc>
<kw name="Locate Image Area On Image" library="Image">
<arg>${needleImage}</arg>
<arg>${haystackImage}</arg>
<doc>Search needleImage's location in haystackImage</doc>
<kw name="Locate Image Area On Image" library="Image">
<arg>${needleImage}</arg>
<arg>${haystackImage}</arg>
<doc>Search needleImage's location in haystackImage</doc>
<kw name="Locate Image Area On Image" library="Image">
<arg>${needleImage}</arg>
<arg>${haystackImage}</arg>
<doc>Search needleImage's location in haystackImage</doc>
<kw name="Locate Image Area On Image" library="Image">
<arg>${needleImage}</arg>
<arg>${haystackImage}</arg>
<doc>Search needleImage's location in haystackImage</doc>
<kw name="Locate Image Area On Image" library="Image">
<arg>${needleImage}</arg>
<arg>${haystackImage}</arg>
<doc>Search needleImage's location in haystackImage</doc>
<kw name="Locate Image Area On Image" library="Image">
<arg>${needleImage}</arg>
<arg>${haystackImage}</arg>
<doc>Search needleImage's location in haystackImage</doc>
<kw name="Locate Image Area On Image" library="Image">
<arg>${needleImage}</arg>
<arg>${haystackImage}</arg>
<doc>Search needleImage's location in haystackImage</doc>
<kw name="Locate Image Area On Image" library="Image">
<arg>${needleImage}</arg>
<arg>${haystackImage}</arg>
<doc>Search needleImage's location in haystackImage</doc>
<kw name="Locate Image Area On Image" library="Image">
<arg>${needleImage}</arg>
<arg>${haystackImage}</arg>
<doc>Search needleImage's location in haystackImage</doc>
<kw name="Locate Image Area On Image" library="Image">
<arg>${needleImage}</arg>
<arg>${haystackImage}</arg>
<doc>Search needleImage's location in haystackImage</doc>
<kw name="Locate Image Area On Image" library="Image">
<arg>${needleImage}</arg>
<arg>${haystackImage}</arg>
<doc>Search needleImage's location in haystackImage</doc>
<kw name="Locate Image Area On Image" library="Image">
<arg>${needleImage}</arg>
<arg>${haystackImage}</arg>
<doc>Search needleImage's location in haystackImage</doc>
<kw name="Locate Image Area On Image" library="Image">
<arg>${needleImage}</arg>
<arg>${haystackImage}</arg>
<doc>Search needleImage's location in haystackImage</doc>
<kw name="Locate Image Area On Image" library="Image">
<arg>${needleImage}</arg>
<arg>${haystackImage}</arg>
<doc>Search needleImage's location in haystackImage</doc>
<kw name="Locate Image Area On Image" library="Image">
<arg>${needleImage}</arg>
<arg>${haystackImage}</arg>
<doc>Search needleImage's location in haystackImage</doc>
<kw name="Locate Image Area On Image" library="Image">
<arg>${needleImage}</arg>
<arg>${haystackImage}</arg>
<doc>Search needleImage's location in haystackImage</doc>
<kw name="Locate Image Area On Image" library="Image">
<arg>${needleImage}</arg>
<arg>${haystackImage}</arg>
<doc>Search needleImage's location in haystackImage</doc>
<kw name="Locate Image Area On Image" library="Image">
<arg>${needleImage}</arg>
<arg>${haystackImage}</arg>
<doc>Search needleImage's location in haystackImage</doc>
<kw name="Locate Image Area On Image" library="Image">
<arg>${needleImage}</arg>
<arg>${haystackImage}</arg>
<doc>Search needleImage's location in haystackImage</doc>
<kw name="Locate Image Area On Image" library="Image">
<arg>${needleImage}</arg>
<arg>${haystackImage}</arg>
<doc>Search needleImage's location in haystackImage</doc>
<kw name="Locate Image Area On Image" library="Image">
<arg>${needleImage}</arg>
<arg>${haystackImage}</arg>
<doc>Search needleImage's location in haystackImage</doc>
<kw name="Locate Image Area On Image" library="Image">
<arg>${needleImage}</arg>
<arg>${haystackImage}</arg>
<doc>Search needleImage's location in haystackImage</doc>
<kw name="Locate Image Area On Image" library="Image">
<arg>${needleImage}</arg>
<arg>${haystackImage}</arg>
<doc>Search needleImage's location in haystackImage</doc>
<kw name="Locate Image Area On Image" library="Image">
<arg>${needleImage}</arg>
<arg>${haystackImage}</arg>
<doc>Search needleImage's location in haystackImage</doc>
<kw name="Locate Image Area On Image" library="Image">
<arg>${needleImage}</arg>
<arg>${haystackImage}</arg>
<doc>Search needleImage's location in haystackImage</doc>
<kw name="Locate Image Area On Image" library="Image">
<arg>${needleImage}</arg>
<arg>${haystackImage}</arg>
<doc>Search needleImage's location in haystackImage</doc>
<kw name="Locate Image Area On Image" library="Image">
<arg>${needleImage}</arg>
<arg>${haystackImage}</arg>
<doc>Search needleImage's location in haystackImage</doc>
<kw name="Locate Image Area On Image" library="Image">
<arg>${needleImage}</arg>
<arg>${haystackImage}</arg>
<doc>Search needleImage's location in haystackImage</doc>
<kw name="Locate Image Area On Image" library="Image">
<arg>${needleImage}</arg>
<arg>${haystackImage}</arg>
<doc>Search needleImage's location in haystackImage</doc>
<kw name="Locate Image Area On Image" library="Image">
<arg>${needleImage}</arg>
<arg>${haystackImage}</arg>
<doc>Search needleImage's location in haystackImage</doc>
<kw name="Locate Image Area On Image" library="Image">
<arg>${needleImage}</arg>
<arg>${haystackImage}</arg>
<doc>Search needleImage's location in haystackImage</doc>
<kw name="Locate Image Area On Image" library="Image">
<arg>${needleImage}</arg>
<arg>${haystackImage}</arg>
<doc>Search needleImage's location in haystackImage</doc>
<kw name="Locate Image Area On Image" library="Image">
<arg>${needleImage}</arg>
<arg>${haystackImage}</arg>
<doc>Search needleImage's location in haystackImage</doc>
<kw name="Locate Image Area On Image" library="Image">
<arg>${needleImage}</arg>
<arg>${haystackImage}</arg>
<doc>Search needleImage's location in haystackImage</doc>
<kw name="Locate Image Area On Image" library="Image">
<arg>${needleImage}</arg>
<arg>${haystackImage}</arg>
<doc>Search needleImage's location in haystackImage</doc>
<kw name="Locate Image Area On Image" library="Image">
<arg>${needleImage}</arg>
<arg>${haystackImage}</arg>
<doc>Search needleImage's location in haystackImage</doc>
<kw name="Locate Image Area On Image" library="Image">
<arg>${needleImage}</arg>
<arg>${haystackImage}</arg>
<doc>Search needleImage's location in haystackImage</doc>
<kw name="Locate Image Area On Image" library="Image">
<arg>${needleImage}</arg>
<arg>${haystackImage}</arg>
<doc>Search needleImage's location in haystackImage</doc>
<kw name="Locate Image Area On Image" library="Image">
<arg>${needleImage}</arg>
<arg>${haystackImage}</arg>
<doc>Search needleImage's location in haystackImage</doc>
<kw name="Locate Image Area On Image" library="Image">
<arg>${needleImage}</arg>
<arg>${haystackImage}</arg>
<doc>Search needleImage's location in haystackImage</doc>
<kw name="Locate Image Area On Image" library="Image">
<arg>${needleImage}</arg>
<arg>${haystackImage}</arg>
<doc>Search needleImage's location in haystackImage</doc>
<kw name="Locate Image Area On Image" library="Image">
<arg>${needleImage}</arg>
<arg>${haystackImage}</arg>
<doc>Search needleImage's location in haystackImage</doc>
<kw name="Locate Image Area On Image" library="Image">
<arg>${needleImage}</arg>
<arg>${haystackImage}</arg>
<doc>Search needleImage's location in haystackImage</doc>
<kw name="Locate Image Area On Image" library="Image">
<arg>${needleImage}</arg>
<arg>${haystackImage}</arg>
<doc>Search needleImage's location in haystackImage</doc>
<kw name="Locate Image Area On Image" library="Image">
<arg>${needleImage}</arg>
<arg>${haystackImage}</arg>
<doc>Search needleImage's location in haystackImage</doc>
<kw name="Locate Image Area On Image" library="Image">
<arg>${needleImage}</arg>
<arg>${haystackImage}</arg>
<doc>Search needleImage's location in haystackImage</doc>
<kw name="Locate Image Area On Image" library="Image">
<arg>${needleImage}</arg>
<arg>${haystackImage}</arg>
<doc>Search needleImage's location in haystackImage</doc>
<kw name="Locate Image Area On Image" library="Image">
<arg>${needleImage}</arg>
<arg>${haystackImage}</arg>
<doc>Search needleImage's location in haystackImage</doc>
<kw name="Locate Image Area On Image" library="Image">
<arg>${needleImage}</arg>
<arg>${haystackImage}</arg>
<doc>Search needleImage's location in haystackImage</doc>
<kw name="Locate Image Area On Image" library="Image">
<arg>${needleImage}</arg>
<arg>${haystackImage}</arg>
<doc>Search needleImage's location in haystackImage</doc>
<kw name="Locate Image Area On Image" library="Image">
<arg>${needleImage}</arg>
<arg>${haystackImage}</arg>
<doc>Search needleImage's location in haystackImage</doc>
<kw name="Locate Image Area On Image" library="Image">
<arg>${needleImage}</arg>
<arg>${haystackImage}</arg>
<doc>Search needleImage's location in haystackImage</doc>
<kw name="Locate Image Area On Image" library="Image">
<arg>${needleImage}</arg>
<arg>${haystackImage}</arg>
<doc>Search needleImage's location in haystackImage</doc>
<kw name="Locate Image Area On Image" library="Image">
<arg>${needleImage}</arg>
<arg>${haystackImage}</arg>
<doc>Search needleImage's location in haystackImage</doc>
<kw name="Locate Image Area On Image" library="Image">
<arg>${needleImage}</arg>
<arg>${haystackImage}</arg>
<doc>Search needleImage's location in haystackImage</doc>
<kw name="Locate Image Area On Image" library="Image">
<arg>${needleImage}</arg>
<arg>${haystackImage}</arg>
<doc>Search needleImage's location in haystackImage</doc>
<kw name="Locate Image Area On Image" library="Image">
<arg>${needleImage}</arg>
<arg>${haystackImage}</arg>
<doc>Search needleImage's location in haystackImage</doc>
<kw name="Locate Image Area On Image" library="Image">
<arg>${needleImage}</arg>
<arg>${haystackImage}</arg>
<doc>Search needleImage's location in haystackImage</doc>
<kw name="Locate Image Area On Image" library="Image">
<arg>${needleImage}</arg>
<arg>${haystackImage}</arg>
<doc>Search needleImage's location in haystackImage</doc>
<kw name="Locate Image Area On Image" library="Image">
<arg>${needleImage}</arg>
<arg>${haystackImage}</arg>
<doc>Search needleImage's location in haystackImage</doc>
<kw name="Locate Image Area On Image" library="Image">
<arg>${needleImage}</arg>
<arg>${haystackImage}</arg>
<doc>Search needleImage's location in haystackImage</doc>
<kw name="Locate Image Area On Image" library="Image">
<arg>${needleImage}</arg>
<arg>${haystackImage}</arg>
<doc>Search needleImage's location in haystackImage</doc>
<kw name="Locate Image Area On Image" library="Image">
<arg>${needleImage}</arg>
<arg>${haystackImage}</arg>
<doc>Search needleImage's location in haystackImage</doc>
<kw name="Locate Image Area On Image" library="Image">
<arg>${needleImage}</arg>
<arg>${haystackImage}</arg>
<doc>Search needleImage's location in haystackImage</doc>
<kw name="Locate Image Area On Image" library="Image">
<arg>${needleImage}</arg>
<arg>${haystackImage}</arg>
<doc>Search needleImage's location in haystackImage</doc>
<kw name="Locate Image Area On Image" library="Image">
<arg>${needleImage}</arg>
<arg>${haystackImage}</arg>
<doc>Search needleImage's location in haystackImage</doc>
<kw name="Locate Image Area On Image" library="Image">
<arg>${needleImage}</arg>
<arg>${haystackImage}</arg>
<doc>Search needleImage's location in haystackImage</doc>
<kw name="Locate Image Area On Image" library="Image">
<arg>${needleImage}</arg>
<arg>${haystackImage}</arg>
<doc>Search needleImage's location in haystackImage</doc>
<kw name="Locate Image Area On Image" library="Image">
<arg>${needleImage}</arg>
<arg>${haystackImage}</arg>
<doc>Search needleImage's location in haystackImage</doc>
<kw name="Locate Image Area On Image" library="Image">
<arg>${needleImage}</arg>
<arg>${haystackImage}</arg>
<doc>Search needleImage's location in haystackImage</doc>
<kw name="Locate Image Area On Image" library="Image">
<arg>${needleImage}</arg>
<arg>${haystackImage}</arg>
<doc>Search needleImage's location in haystackImage</doc>
<kw name="Locate Image Area On Image" library="Image">
<arg>${needleImage}</arg>
<arg>${haystackImage}</arg>
<doc>Search needleImage's location in haystackImage</doc>
<kw name="Locate Image Area On Image" library="Image">
<arg>${needleImage}</arg>
<arg>${haystackImage}</arg>
<doc>Search needleImage's location in haystackImage</doc>
<kw name="Locate Image Area On Image" library="Image">
<arg>${needleImage}</arg>
<arg>${haystackImage}</arg>
<doc>Search needleImage's location in haystackImage</doc>
<kw name="Locate Image Area On Image" library="Image">
<arg>${needleImage}</arg>
<arg>${haystackImage}</arg>
<doc>Search needleImage's location in haystackImage</doc>
<kw name="Locate Image Area On Image" library="Image">
<arg>${needleImage}</arg>
<arg>${haystackImage}</arg>
<doc>Search needleImage's location in haystackImage</doc>
<kw name="Locate Image Area On Image" library="Image">
<arg>${needleImage}</arg>
<arg>${haystackImage}</arg>
<doc>Search needleImage's location in haystackImage</doc>
<kw name="Locate Image Area On Image" library="Image">
<arg>${needleImage}</arg>
<arg>${haystackImage}</arg>
<doc>Search needleImage's location in haystackImage</doc>
<kw name="Locate Image Area On Image" library="Image">
<arg>${needleImage}</arg>
<arg>${haystackImage}</arg>
<doc>Search needleImage's location in haystackImage</doc>
<kw name="Locate Image Area On Image" library="Image">
<arg>${needleImage}</arg>
<arg>${haystackImage}</arg>
<doc>Search needleImage's location in haystackImage</doc>
<kw name="Locate Image Area On Image" library="Image">
<arg>${needleImage}</arg>
<arg>${haystackImage}</arg>
<doc>Search needleImage's location in haystackImage</doc>
<kw name="Locate Image Area On Image" library="Image">
<arg>${needleImage}</arg>
<arg>${haystackImage}</arg>
<doc>Search needleImage's location in haystackImage</doc>
<kw name="Locate Image Area On Image" library="Image">
<arg>${needleImage}</arg>
<arg>${haystackImage}</arg>
<doc>Search needleImage's location in haystackImage</doc>
<kw name="Locate Image Area On Image" library="Image">
<arg>${needleImage}</arg>
<arg>${haystackImage}</arg>
<doc>Search needleImage's location in haystackImage</doc>
<kw name="Locate Image Area On Image" library="Image">
<arg>${needleImage}</arg>
<arg>${haystackImage}</arg>
<doc>Search needleImage's location in haystackImage</doc>
<kw name="Locate Image Area On Image" library="Image">
<arg>${needleImage}</arg>
<arg>${haystackImage}</arg>
<doc>Search needleImage's location in haystackImage</doc>
<kw name="Locate Image Area On Image" library="Image">
<arg>${needleImage}</arg>
<arg>${haystackImage}</arg>
<doc>Search needleImage's location in haystackImage</doc>
<kw name="Locate Image Area On Image" library="Image">
<arg>${needleImage}</arg>
<arg>${haystackImage}</arg>
<doc>Search needleImage's location in haystackImage</doc>
<kw name="Locate Image Area On Image" library="Image">
<arg>${needleImage}</arg>
<arg>${haystackImage}</arg>
<doc>Search needleImage's location in haystackImage</doc>
<kw name="Locate Image Area On Image" library="Image">
<arg>${needleImage}</arg>
<arg>${haystackImage}</arg>
<doc>Search needleImage's location in haystackImage</doc>
<kw name="Locate Image Area On Image" library="Image">
<arg>${needleImage}</arg>
<arg>${haystackImage}</arg>
<doc>Search needleImage's location in haystackImage</doc>
<kw name="Locate Image Area On Image" library="Image">
<arg>${needleImage}</arg>
<arg>${haystackImage}</arg>
<doc>Search needleImage's location in haystackImage</doc>
<kw name="Locate Image Area On Image" library="Image">
<arg>${needleImage}</arg>
<arg>${haystackImage}</arg>
<doc>Search needleImage's location in haystackImage</doc>
<kw name="Locate Image Area On Image" library="Image">
<arg>${needleImage}</arg>
<arg>${haystackImage}</arg>
<doc>Search needleImage's location in haystackImage</doc>
<kw name="Locate Image Area On Image" library="Image">
<arg>${needleImage}</arg>
<arg>${haystackImage}</arg>
<doc>Search needleImage's location in haystackImage</doc>
<msg timestamp="20220705 23:33:24.817" level="FAIL">Maximum limit of started keywords and control structures exceeded.</msg>
<status status="FAIL" starttime="20220705 23:33:24.816" endtime="20220705 23:33:24.818"/>
</kw>
<status status="FAIL" starttime="20220705 23:33:24.815" endtime="20220705 23:33:24.819"/>
</kw>
<status status="FAIL" starttime="20220705 23:33:24.815" endtime="20220705 23:33:24.819"/>
</kw>
<status status="FAIL" starttime="20220705 23:33:24.814" endtime="20220705 23:33:24.819"/>
</kw>
<status status="FAIL" starttime="20220705 23:33:24.813" endtime="20220705 23:33:24.819"/>
</kw>
<status status="FAIL" starttime="20220705 23:33:24.813" endtime="20220705 23:33:24.820"/>
</kw>
<status status="FAIL" starttime="20220705 23:33:24.812" endtime="20220705 23:33:24.820"/>
</kw>
<status status="FAIL" starttime="20220705 23:33:24.811" endtime="20220705 23:33:24.820"/>
</kw>
<status status="FAIL" starttime="20220705 23:33:24.810" endtime="20220705 23:33:24.821"/>
</kw>
<status status="FAIL" starttime="20220705 23:33:24.810" endtime="20220705 23:33:24.821"/>
</kw>
<status status="FAIL" starttime="20220705 23:33:24.809" endtime="20220705 23:33:24.821"/>
</kw>
<status status="FAIL" starttime="20220705 23:33:24.808" endtime="20220705 23:33:24.821"/>
</kw>
<status status="FAIL" starttime="20220705 23:33:24.808" endtime="20220705 23:33:24.822"/>
</kw>
<status status="FAIL" starttime="20220705 23:33:24.807" endtime="20220705 23:33:24.822"/>
</kw>
<status status="FAIL" starttime="20220705 23:33:24.806" endtime="20220705 23:33:24.822"/>
</kw>
<status status="FAIL" starttime="20220705 23:33:24.806" endtime="20220705 23:33:24.823"/>
</kw>
<status status="FAIL" starttime="20220705 23:33:24.805" endtime="20220705 23:33:24.823"/>
</kw>
<status status="FAIL" starttime="20220705 23:33:24.804" endtime="20220705 23:33:24.823"/>
</kw>
<status status="FAIL" starttime="20220705 23:33:24.804" endtime="20220705 23:33:24.823"/>
</kw>
<status status="FAIL" starttime="20220705 23:33:24.803" endtime="20220705 23:33:24.824"/>
</kw>
<status status="FAIL" starttime="20220705 23:33:24.802" endtime="20220705 23:33:24.824"/>
</kw>
<status status="FAIL" starttime="20220705 23:33:24.802" endtime="20220705 23:33:24.824"/>
</kw>
<status status="FAIL" starttime="20220705 23:33:24.801" endtime="20220705 23:33:24.825"/>
</kw>
<status status="FAIL" starttime="20220705 23:33:24.800" endtime="20220705 23:33:24.825"/>
</kw>
<status status="FAIL" starttime="20220705 23:33:24.799" endtime="20220705 23:33:24.825"/>
</kw>
<status status="FAIL" starttime="20220705 23:33:24.798" endtime="20220705 23:33:24.825"/>
</kw>
<status status="FAIL" starttime="20220705 23:33:24.798" endtime="20220705 23:33:24.826"/>
</kw>
<status status="FAIL" starttime="20220705 23:33:24.797" endtime="20220705 23:33:24.826"/>
</kw>
<status status="FAIL" starttime="20220705 23:33:24.796" endtime="20220705 23:33:24.826"/>
</kw>
<status status="FAIL" starttime="20220705 23:33:24.796" endtime="20220705 23:33:24.827"/>
</kw>
<status status="FAIL" starttime="20220705 23:33:24.795" endtime="20220705 23:33:24.827"/>
</kw>
<status status="FAIL" starttime="20220705 23:33:24.794" endtime="20220705 23:33:24.827"/>
</kw>
<status status="FAIL" starttime="20220705 23:33:24.793" endtime="20220705 23:33:24.827"/>
</kw>
<status status="FAIL" starttime="20220705 23:33:24.792" endtime="20220705 23:33:24.828"/>
</kw>
<status status="FAIL" starttime="20220705 23:33:24.792" endtime="20220705 23:33:24.828"/>
</kw>
<status status="FAIL" starttime="20220705 23:33:24.791" endtime="20220705 23:33:24.828"/>
</kw>
<status status="FAIL" starttime="20220705 23:33:24.790" endtime="20220705 23:33:24.828"/>
</kw>
<status status="FAIL" starttime="20220705 23:33:24.789" endtime="20220705 23:33:24.829"/>
</kw>
<status status="FAIL" starttime="20220705 23:33:24.788" endtime="20220705 23:33:24.829"/>
</kw>
<status status="FAIL" starttime="20220705 23:33:24.787" endtime="20220705 23:33:24.829"/>
</kw>
<status status="FAIL" starttime="20220705 23:33:24.786" endtime="20220705 23:33:24.830"/>
</kw>
<status status="FAIL" starttime="20220705 23:33:24.786" endtime="20220705 23:33:24.830"/>
</kw>
<status status="FAIL" starttime="20220705 23:33:24.785" endtime="20220705 23:33:24.830"/>
</kw>
<status status="FAIL" starttime="20220705 23:33:24.785" endtime="20220705 23:33:24.830"/>
</kw>
<status status="FAIL" starttime="20220705 23:33:24.784" endtime="20220705 23:33:24.831"/>
</kw>
<status status="FAIL" starttime="20220705 23:33:24.783" endtime="20220705 23:33:24.831"/>
</kw>
<status status="FAIL" starttime="20220705 23:33:24.783" endtime="20220705 23:33:24.831"/>
</kw>
<status status="FAIL" starttime="20220705 23:33:24.782" endtime="20220705 23:33:24.832"/>
</kw>
<status status="FAIL" starttime="20220705 23:33:24.781" endtime="20220705 23:33:24.832"/>
</kw>
<status status="FAIL" starttime="20220705 23:33:24.781" endtime="20220705 23:33:24.832"/>
</kw>
<status status="FAIL" starttime="20220705 23:33:24.780" endtime="20220705 23:33:24.832"/>
</kw>
<status status="FAIL" starttime="20220705 23:33:24.779" endtime="20220705 23:33:24.833"/>
</kw>
<status status="FAIL" starttime="20220705 23:33:24.779" endtime="20220705 23:33:24.833"/>
</kw>
<status status="FAIL" starttime="20220705 23:33:24.778" endtime="20220705 23:33:24.833"/>
</kw>
<status status="FAIL" starttime="20220705 23:33:24.777" endtime="20220705 23:33:24.834"/>
</kw>
<status status="FAIL" starttime="20220705 23:33:24.776" endtime="20220705 23:33:24.834"/>
</kw>
<status status="FAIL" starttime="20220705 23:33:24.775" endtime="20220705 23:33:24.834"/>
</kw>
<status status="FAIL" starttime="20220705 23:33:24.774" endtime="20220705 23:33:24.835"/>
</kw>
<status status="FAIL" starttime="20220705 23:33:24.773" endtime="20220705 23:33:24.835"/>
</kw>
<status status="FAIL" starttime="20220705 23:33:24.772" endtime="20220705 23:33:24.835"/>
</kw>
<status status="FAIL" starttime="20220705 23:33:24.772" endtime="20220705 23:33:24.835"/>
</kw>
<status status="FAIL" starttime="20220705 23:33:24.771" endtime="20220705 23:33:24.836"/>
</kw>
<status status="FAIL" starttime="20220705 23:33:24.770" endtime="20220705 23:33:24.836"/>
</kw>
<status status="FAIL" starttime="20220705 23:33:24.769" endtime="20220705 23:33:24.836"/>
</kw>
<status status="FAIL" starttime="20220705 23:33:24.768" endtime="20220705 23:33:24.836"/>
</kw>
<status status="FAIL" starttime="20220705 23:33:24.768" endtime="20220705 23:33:24.837"/>
</kw>
<status status="FAIL" starttime="20220705 23:33:24.767" endtime="20220705 23:33:24.837"/>
</kw>
<status status="FAIL" starttime="20220705 23:33:24.766" endtime="20220705 23:33:24.837"/>
</kw>
<status status="FAIL" starttime="20220705 23:33:24.765" endtime="20220705 23:33:24.838"/>
</kw>
<status status="FAIL" starttime="20220705 23:33:24.765" endtime="20220705 23:33:24.838"/>
</kw>
<status status="FAIL" starttime="20220705 23:33:24.764" endtime="20220705 23:33:24.838"/>
</kw>
<status status="FAIL" starttime="20220705 23:33:24.763" endtime="20220705 23:33:24.838"/>
</kw>
<status status="FAIL" starttime="20220705 23:33:24.763" endtime="20220705 23:33:24.839"/>
</kw>
<status status="FAIL" starttime="20220705 23:33:24.762" endtime="20220705 23:33:24.839"/>
</kw>
<status status="FAIL" starttime="20220705 23:33:24.761" endtime="20220705 23:33:24.839"/>
</kw>
<status status="FAIL" starttime="20220705 23:33:24.760" endtime="20220705 23:33:24.840"/>
</kw>
<status status="FAIL" starttime="20220705 23:33:24.760" endtime="20220705 23:33:24.840"/>
</kw>
<status status="FAIL" starttime="20220705 23:33:24.759" endtime="20220705 23:33:24.840"/>
</kw>
<status status="FAIL" starttime="20220705 23:33:24.758" endtime="20220705 23:33:24.841"/>
</kw>
<status status="FAIL" starttime="20220705 23:33:24.758" endtime="20220705 23:33:24.841"/>
</kw>
<status status="FAIL" starttime="20220705 23:33:24.757" endtime="20220705 23:33:24.841"/>
</kw>
<status status="FAIL" starttime="20220705 23:33:24.756" endtime="20220705 23:33:24.842"/>
</kw>
<status status="FAIL" starttime="20220705 23:33:24.754" endtime="20220705 23:33:24.842"/>
</kw>
<status status="FAIL" starttime="20220705 23:33:24.753" endtime="20220705 23:33:24.842"/>
</kw>
<status status="FAIL" starttime="20220705 23:33:24.753" endtime="20220705 23:33:24.842"/>
</kw>
<status status="FAIL" starttime="20220705 23:33:24.752" endtime="20220705 23:33:24.843"/>
</kw>
<status status="FAIL" starttime="20220705 23:33:24.751" endtime="20220705 23:33:24.843"/>
</kw>
<status status="FAIL" starttime="20220705 23:33:24.751" endtime="20220705 23:33:24.843"/>
</kw>
<status status="FAIL" starttime="20220705 23:33:24.750" endtime="20220705 23:33:24.844"/>
</kw>
<status status="FAIL" starttime="20220705 23:33:24.749" endtime="20220705 23:33:24.844"/>
</kw>
<status status="FAIL" starttime="20220705 23:33:24.749" endtime="20220705 23:33:24.844"/>
</kw>
<status status="FAIL" starttime="20220705 23:33:24.748" endtime="20220705 23:33:24.844"/>
</kw>
<status status="FAIL" starttime="20220705 23:33:24.747" endtime="20220705 23:33:24.845"/>
</kw>
<status status="FAIL" starttime="20220705 23:33:24.747" endtime="20220705 23:33:24.845"/>
</kw>
<status status="FAIL" starttime="20220705 23:33:24.746" endtime="20220705 23:33:24.845"/>
</kw>
<status status="FAIL" starttime="20220705 23:33:24.746" endtime="20220705 23:33:24.846"/>
</kw>
<status status="FAIL" starttime="20220705 23:33:24.745" endtime="20220705 23:33:24.846"/>
</kw>
<status status="FAIL" starttime="20220705 23:33:24.744" endtime="20220705 23:33:24.846"/>
</kw>
<status status="FAIL" starttime="20220705 23:33:24.743" endtime="20220705 23:33:24.846"/>
</kw>
<status status="FAIL" starttime="20220705 23:33:24.742" endtime="20220705 23:33:24.847"/>
</kw>
<status status="FAIL" starttime="20220705 23:33:24.740" endtime="20220705 23:33:24.848">Maximum limit of started keywords and control structures exceeded.</status>
</test>
<doc>This is a resource file, that can contain variables and keywords.
Keywords defined here can be used where this Keywords.resource in loaded.

Keywords are imported from the resource file</doc>
<status status="FAIL" starttime="20220705 23:33:24.571" endtime="20220705 23:33:24.850"/>
</suite>
<status status="FAIL" starttime="20220705 23:33:24.568" endtime="20220705 23:33:24.852"/>
</suite>
<status status="FAIL" starttime="20220705 23:33:24.541" endtime="20220705 23:33:24.853"/>
</suite>
<statistics>
<total>
<stat pass="0" fail="1" skip="0">All Tests</stat>
</total>
<tag>
</tag>
<suite>
<stat pass="0" fail="1" skip="0" id="s1" name="Cyclone">Cyclone</stat>
<stat pass="0" fail="1" skip="0" id="s1-s1" name="Tests">Cyclone.Tests</stat>
<stat pass="0" fail="1" skip="0" id="s1-s1-s1" name="Hello">Cyclone.Tests.Hello</stat>
</suite>
</statistics>
<errors>
</errors>
</robot>
